Build started 3/16/2016 10:50:24 PM.
     1>Project "C:\Users\Mickey\Documents\Homework\CS\CS174A\project3\template-rt.vcxproj" on node 2 (Build target(s)).
     1>ClCompile:
         C:\Program Files (x86)\Microsoft Visual Studio 14.0\VC\bin\CL.exe /c /ZI /nologo /W3 /WX- /Od /Oy- /D WIN32 /D _DEBUG /D _CONSOLE /D _UNICODE /D UNICODE /Gm /EHsc /RTC1 /MDd /GS /fp:precise /Zc:wchar_t /Zc:forScope /Zc:inline /Fo"Debug\\" /Fd"Debug\vc140.pdb" /Gd /TP /analyze- /errorReport:prompt "template-rt.cpp"
         template-rt.cpp
     1>c:\users\mickey\documents\homework\cs\cs174a\project3\template-rt.cpp(18): warning C4244: 'initializing': conversion from 'double' to 'int', possible loss of data
     1>c:\users\mickey\documents\homework\cs\cs174a\project3\template-rt.cpp(201): warning C4244: 'initializing': conversion from 'double' to 'float', possible loss of data
     1>c:\users\mickey\documents\homework\cs\cs174a\project3\template-rt.cpp(266): warning C4305: '=': truncation from '__int64' to 'float'
     1>c:\users\mickey\documents\homework\cs\cs174a\project3\template-rt.cpp(267): warning C4305: '=': truncation from '__int64' to 'float'
     1>c:\users\mickey\documents\homework\cs\cs174a\project3\template-rt.cpp(268): warning C4305: '=': truncation from '__int64' to 'float'
     1>c:\users\mickey\documents\homework\cs\cs174a\project3\template-rt.cpp(270): warning C4018: '<': signed/unsigned mismatch
     1>c:\users\mickey\documents\homework\cs\cs174a\project3\template-rt.cpp(295): warning C4018: '<': signed/unsigned mismatch
     1>c:\users\mickey\documents\homework\cs\cs174a\project3\template-rt.cpp(297): warning C4305: 'argument': truncation from 'double' to 'const float'
     1>c:\users\mickey\documents\homework\cs\cs174a\project3\template-rt.cpp(298): warning C4305: 'argument': truncation from 'double' to 'const float'
     1>c:\users\mickey\documents\homework\cs\cs174a\project3\template-rt.cpp(302): warning C4018: '<': signed/unsigned mismatch
     1>c:\users\mickey\documents\homework\cs\cs174a\project3\template-rt.cpp(337): warning C4305: 'argument': truncation from 'double' to 'const float'
       Link:
         C:\Program Files (x86)\Microsoft Visual Studio 14.0\VC\bin\link.exe /ERRORREPORT:PROMPT /OUT:"C:\Users\Mickey\Documents\Homework\CS\CS174A\project3\Debug\template-rt.exe" /INCREMENTAL /NOLOGO kernel32.lib user32.lib gdi32.lib winspool.lib comdlg32.lib advapi32.lib shell32.lib ole32.lib oleaut32.lib uuid.lib odbc32.lib odbccp32.lib /MANIFEST /MANIFESTUAC:"level='asInvoker' uiAccess='false'" /manifest:embed /Debug /PDB:"C:\Users\Mickey\Documents\Homework\CS\CS174A\project3\Debug\template-rt.pdb" /SUBSYSTEM:CONSOLE /TLBID:1 /DYNAMICBASE /NXCOMPAT /IMPLIB:"C:\Users\Mickey\Documents\Homework\CS\CS174A\project3\Debug\template-rt.lib" /MACHINE:X86 /SAFESEH "Debug\template-rt.obj"
     1>template-rt.obj : warning LNK4075: ignoring '/EDITANDCONTINUE' due to '/SAFESEH' specification
         template-rt.vcxproj -> C:\Users\Mickey\Documents\Homework\CS\CS174A\project3\Debug\template-rt.exe
     1>Done Building Project "C:\Users\Mickey\Documents\Homework\CS\CS174A\project3\template-rt.vcxproj" (Build target(s)).

Build succeeded.

Time Elapsed 00:00:06.89
